0 silly argv {
0 silly argv   _: [ 'add' ],
0 silly argv   globs: [],
0 silly argv   lernaVersion: '4.0.0',
0 silly argv   '$0': 'lerna',
0 silly argv   pkg: '@doctorx/shared'
0 silly argv }
1 notice cli v4.0.0
2 verbose rootPath /Users/hakan.hueriyet/Desktop/webApps/doctorX
3 info versioning independent
4 error JSONError: Unexpected token "}" (0x7D) in JSON at position 2470 while parsing near "...-staged\"\n    }\n  },\n}" in ../shared/package.json
4 error
4 error [0m [90m 73 |[39m     }[0m
4 error [0m [90m 74 |[39m   }[33m,[39m[0m
4 error [0m[31m[1m>[22m[39m[90m 75 |[39m }[0m
4 error [0m [90m    |[39m [31m[1m^[22m[39m[0m
4 error
4 error     at parseJson (/Users/hakan.hueriyet/Desktop/webApps/doctorX/node_modules/parse-json/index.js:29:21)
4 error     at parse (/Users/hakan.hueriyet/Desktop/webApps/doctorX/node_modules/load-json-file/index.js:15:9)
4 error     at module.exports (/Users/hakan.hueriyet/Desktop/webApps/doctorX/node_modules/load-json-file/index.js:18:47)
